{
  "RSpec": {
    "coverage": {
      "/home/silvio/dev/workspaces/campuscode/new_empregoja/app/helpers/application_helper.rb": [
        1,
        null
      ],
      "/home/silvio/dev/workspaces/campuscode/new_empregoja/app/models/job.rb": [
        1,
        null
      ],
      "/home/silvio/dev/workspaces/campuscode/new_empregoja/app/models/application_record.rb": [
        1,
        1,
        null
      ],
      "/home/silvio/dev/workspaces/campuscode/new_empregoja/app/controllers/jobs_controller.rb": [
        1,
        1,
        1,
        null,
        null,
        1,
        1,
        1,
        1,
        1,
        null,
        null,
        null,
        1,
        1,
        null,
        null,
        1,
        null,
        1,
        1,
        null,
        null,
        null
      ],
      "/home/silvio/dev/workspaces/campuscode/new_empregoja/app/controllers/application_controller.rb": [
        1,
        1,
        null
      ],
      "/home/silvio/dev/workspaces/campuscode/new_empregoja/app/controllers/home_controller.rb": [
        1,
        1,
        null,
        null,
        null
      ],
      "/home/silvio/dev/workspaces/campuscode/new_empregoja/app/channels/application_cable/channel.rb": [
        0,
        0,
        0,
        0
      ],
      "/home/silvio/dev/workspaces/campuscode/new_empregoja/app/channels/application_cable/connection.rb": [
        0,
        0,
        0,
        0
      ],
      "/home/silvio/dev/workspaces/campuscode/new_empregoja/app/mailers/application_mailer.rb": [
        0,
        0,
        0,
        0
      ]
    },
    "timestamp": 1468520268
  }
}
